<?xml version="1.0" ?>
<coverage version="7.9.2" timestamp="1753456270778" lines-valid="5471" lines-covered="2902" line-rate="0.5304" branches-valid="1564" branches-covered="491" branch-rate="0.3139" complexity="0">
	<!-- Generated by coverage.py: https://coverage.readthedocs.io/en/7.9.2 -->
	<!-- Based on https://raw.githubusercontent.com/cobertura/web/master/htdocs/xml/coverage-04.dtd -->
	<sources>
		<source>/home/jwyles/code/johnwyles/ubootu/lib</source>
	</sources>
	<packages>
		<package name="." line-rate="0.3383" branch-rate="0.1518" complexity="0">
			<classes>
				<class name="app_customization_templates.py" filename="app_customization_templates.py" complexity="0" line-rate="0.4853" branch-rate="0">
					<methods/>
					<lines>
						<line number="7" hits="1"/>
						<line number="8" hits="1"/>
						<line number="10" hits="1"/>
						<line number="13" hits="1"/>
						<line number="14" hits="1"/>
						<line number="17" hits="1"/>
						<line number="18" hits="1"/>
						<line number="19" hits="1"/>
						<line number="20" hits="1"/>
						<line number="21" hits="1"/>
						<line number="22" hits="1"/>
						<line number="23" hits="1"/>
						<line number="26" hits="1"/>
						<line number="29" hits="1"/>
						<line number="30" hits="1"/>
						<line number="32" hits="1"/>
						<line number="34" hits="1"/>
						<line number="37" hits="1"/>
						<line number="40" hits="0"/>
						<line number="43" hits="0"/>
						<line number="46" hits="0"/>
						<line number="49" hits="0"/>
						<line number="52" hits="0"/>
						<line number="55" hits="0"/>
						<line number="58" hits="0"/>
						<line number="61" hits="0"/>
						<line number="64" hits="0"/>
						<line number="66" hits="0"/>
						<line number="68" hits="1"/>
						<line number="70" hits="1"/>
						<line number="239" hits="1"/>
						<line number="241" hits="0"/>
						<line number="480" hits="1"/>
						<line number="482" hits="0"/>
						<line number="642" hits="1"/>
						<line number="644" hits="0"/>
						<line number="808" hits="1"/>
						<line number="810" hits="0"/>
						<line number="1010" hits="1"/>
						<line number="1012" hits="0"/>
						<line number="1103" hits="1"/>
						<line number="1105" hits="0"/>
						<line number="1307" hits="1"/>
						<line number="1309" hits="0"/>
						<line number="1490" hits="1"/>
						<line number="1492" hits="0"/>
						<line number="1679" hits="1"/>
						<line number="1681" hits="0"/>
						<line number="1876" hits="1"/>
						<line number="1878" hits="0"/>
						<line number="1880" hits="1"/>
						<line number="1882" hits="0"/>
						<line number="1884" hits="1"/>
						<line number="1886" hits="0"/>
						<line number="1887" hits="0" branch="true" condition-coverage="0% (0/2)" missing-branches="1888,1890"/>
						<line number="1888" hits="0"/>
						<line number="1890" hits="0"/>
						<line number="1892" hits="1"/>
						<line number="1894" hits="0"/>
						<line number="1895" hits="0" branch="true" condition-coverage="0% (0/2)" missing-branches="1896,1899"/>
						<line number="1896" hits="0"/>
						<line number="1899" hits="0"/>
						<line number="1900" hits="0"/>
						<line number="1902" hits="0" branch="true" condition-coverage="0% (0/2)" missing-branches="1903,1908"/>
						<line number="1903" hits="0" branch="true" condition-coverage="0% (0/2)" missing-branches="1904,1906"/>
						<line number="1904" hits="0"/>
						<line number="1906" hits="0"/>
						<line number="1908" hits="0"/>
					</lines>
				</class>
				<class name="app_defaults.py" filename="app_defaults.py" complexity="0" line-rate="0.3333" branch-rate="0">
					<methods/>
					<lines>
						<line number="7" hits="1"/>
						<line number="10" hits="1"/>
						<line number="13" hits="1"/>
						<line number="14" hits="1"/>
						<line number="15" hits="1"/>
						<line number="17" hits="1"/>
						<line number="19" hits="1"/>
						<line number="177" hits="1"/>
						<line number="179" hits="1"/>
						<line number="529" hits="1"/>
						<line number="531" hits="0"/>
						<line number="532" hits="0"/>
						<line number="534" hits="1"/>
						<line number="536" hits="0"/>
						<line number="537" hits="0"/>
						<line number="539" hits="1"/>
						<line number="541" hits="0"/>
						<line number="548" hits="0"/>
						<line number="549" hits="0" branch="true" condition-coverage="0% (0/2)" missing-branches="550,551"/>
						<line number="550" hits="0"/>
						<line number="551" hits="0"/>
						<line number="553" hits="1"/>
						<line number="555" hits="0"/>
						<line number="557" hits="0"/>
						<line number="563" hits="0"/>
						<line number="565" hits="1"/>
						<line number="567" hits="0"/>
						<line number="570" hits="0"/>
						<line number="571" hits="0" branch="true" condition-coverage="0% (0/2)" missing-branches="572,575"/>
						<line number="572" hits="0"/>
						<line number="575" hits="0" branch="true" condition-coverage="0% (0/2)" missing-branches="576,581"/>
						<line number="576" hits="0"/>
						<line number="577" hits="0" branch="true" condition-coverage="0% (0/2)" missing-branches="578,579"/>
						<line number="578" hits="0"/>
						<line number="579" hits="0"/>
						<line number="581" hits="0"/>
						<line number="583" hits="1"/>
						<line number="585" hits="0"/>
						<line number="588" hits="0"/>
						<line number="589" hits="0" branch="true" condition-coverage="0% (0/2)" missing-branches="590,592"/>
						<line number="590" hits="0"/>
						<line number="592" hits="0"/>
						<line number="594" hits="1"/>
						<line number="596" hits="0"/>
						<line number="598" hits="0" branch="true" condition-coverage="0% (0/2)" missing-branches="599,607"/>
						<line number="599" hits="0" branch="true" condition-coverage="0% (0/2)" missing-branches="600,601"/>
						<line number="600" hits="0"/>
						<line number="601" hits="0" branch="true" condition-coverage="0% (0/2)" missing-branches="602,604"/>
						<line number="602" hits="0"/>
						<line number="604" hits="0"/>
						<line number="605" hits="0"/>
						<line number="607" hits="0"/>
						<line number="611" hits="1"/>
						<line number="613" hits="1"/>
					</lines>
				</class>
				<class name="apt_fixer.py" filename="apt_fixer.py" complexity="0" line-rate="0.4118" branch-rate="0.4118">
					<methods/>
					<lines>
						<line number="6" hits="1"/>
						<line number="7" hits="1"/>
						<line number="8" hits="1"/>
						<line number="9" hits="1"/>
						<line number="10" hits="1"/>
						<line number="13" hits="1"/>
						<line number="15" hits="1"/>
						<line number="18" hits="1"/>
						<line number="25" hits="1" branch="true" condition-coverage="100% (2/2)"/>
						<line number="26" hits="1" branch="true" condition-coverage="50% (1/2)" missing-branches="27"/>
						<line number="27" hits="0"/>
						<line number="28" hits="0"/>
						<line number="29" hits="0"/>
						<line number="30" hits="0"/>
						<line number="31" hits="0"/>
						<line number="34" hits="1"/>
						<line number="35" hits="1" branch="true" condition-coverage="50% (1/2)" missing-branches="69"/>
						<line number="36" hits="1"/>
						<line number="37" hits="1"/>
						<line number="40" hits="1"/>
						<line number="41" hits="1"/>
						<line number="44" hits="1"/>
						<line number="45" hits="1" branch="true" condition-coverage="50% (1/2)" missing-branches="46"/>
						<line number="46" hits="0"/>
						<line number="47" hits="0"/>
						<line number="50" hits="0"/>
						<line number="51" hits="0"/>
						<line number="52" hits="0" branch="true" condition-coverage="0% (0/2)" missing-branches="53,60"/>
						<line number="53" hits="0"/>
						<line number="54" hits="0"/>
						<line number="55" hits="0"/>
						<line number="56" hits="0"/>
						<line number="57" hits="0"/>
						<line number="60" hits="0" branch="true" condition-coverage="0% (0/2)" missing-branches="45,61"/>
						<line number="61" hits="0"/>
						<line number="62" hits="0"/>
						<line number="63" hits="0"/>
						<line number="64" hits="0"/>
						<line number="65" hits="0"/>
						<line number="69" hits="1"/>
						<line number="70" hits="1"/>
						<line number="71" hits="1" branch="true" condition-coverage="50% (1/2)" missing-branches="83"/>
						<line number="72" hits="1"/>
						<line number="73" hits="1"/>
						<line number="74" hits="1" branch="true" condition-coverage="50% (1/2)" missing-branches="75"/>
						<line number="75" hits="0"/>
						<line number="76" hits="0"/>
						<line number="77" hits="0"/>
						<line number="78" hits="0"/>
						<line number="79" hits="0"/>
						<line number="80" hits="0"/>
						<line number="83" hits="1" branch="true" condition-coverage="100% (2/2)"/>
						<line number="87" hits="1" branch="true" condition-coverage="100% (2/2)"/>
						<line number="88" hits="1"/>
						<line number="89" hits="1"/>
						<line number="90" hits="1"/>
						<line number="91" hits="1" branch="true" condition-coverage="50% (1/2)" missing-branches="93"/>
						<line number="93" hits="0" branch="true" condition-coverage="0% (0/2)" missing-branches="94,97"/>
						<line number="94" hits="0"/>
						<line number="95" hits="0"/>
						<line number="97" hits="0"/>
						<line number="98" hits="0"/>
						<line number="99" hits="0"/>
						<line number="100" hits="0"/>
						<line number="101" hits="0"/>
						<line number="102" hits="0"/>
						<line number="104" hits="1"/>
						<line number="107" hits="1"/>
						<line number="109" hits="1"/>
						<line number="111" hits="1"/>
						<line number="112" hits="1" branch="true" condition-coverage="50% (1/2)" missing-branches="113"/>
						<line number="113" hits="0"/>
						<line number="114" hits="0" branch="true" condition-coverage="0% (0/2)" missing-branches="115,116"/>
						<line number="115" hits="0"/>
						<line number="116" hits="0"/>
						<line number="119" hits="1"/>
						<line number="121" hits="1" branch="true" condition-coverage="50% (1/2)" missing-branches="124"/>
						<line number="122" hits="1"/>
						<line number="124" hits="0"/>
						<line number="126" hits="0"/>
						<line number="127" hits="0"/>
						<line number="128" hits="0"/>
						<line number="129" hits="0"/>
						<line number="132" hits="1"/>
						<line number="134" hits="1"/>
						<line number="141" hits="1"/>
						<line number="144" hits="1"/>
						<line number="146" hits="0"/>
						<line number="147" hits="0"/>
						<line number="149" hits="0"/>
						<line number="151" hits="0" branch="true" condition-coverage="0% (0/2)" missing-branches="152,156"/>
						<line number="152" hits="0"/>
						<line number="153" hits="0"/>
						<line number="154" hits="0"/>
						<line number="156" hits="0"/>
						<line number="157" hits="0"/>
						<line number="158" hits="0"/>
						<line number="160" hits="0" branch="true" condition-coverage="0% (0/2)" missing-branches="161,163"/>
						<line number="161" hits="0"/>
						<line number="163" hits="0"/>
						<line number="164" hits="0"/>
						<line number="167" hits="0"/>
					</lines>
				</class>
				<class name="backup_config_tui.py" filename="backup_config_tui.py" complexity="0" line-rate="0.2381" branch-rate="0">
					<methods/>
					<lines>
						<line number="7" hits="1"/>
						<line number="8" hits="1"/>
						<line number="9" hits="1"/>
						<line number="11" hits="1"/>
						<line number="12" hits="1"/>
						<line number="15" hits="1"/>
						<line number="18" hits="0"/>
						<line number="20" hits="0"/>
						<line number="21" hits="0"/>
						<line number="23" hits="0"/>
						<line number="29" hits="0" branch="true" condition-coverage="0% (0/2)" missing-branches="30,33"/>
						<line number="30" hits="0"/>
						<line number="33" hits="0"/>
						<line number="34" hits="0"/>
						<line number="37" hits="0"/>
						<line number="40" hits="0"/>
						<line number="41" hits="0"/>
						<line number="47" hits="0"/>
						<line number="50" hits="0"/>
						<line number="51" hits="0"/>
						<line number="57" hits="0" branch="true" condition-coverage="0% (0/2)" missing-branches="58,77"/>
						<line number="58" hits="0"/>
						<line number="59" hits="0"/>
						<line number="61" hits="0" branch="true" condition-coverage="0% (0/2)" missing-branches="62,70"/>
						<line number="62" hits="0"/>
						<line number="63" hits="0"/>
						<line number="64" hits="0"/>
						<line number="70" hits="0"/>
						<line number="71" hits="0"/>
						<line number="77" hits="0"/>
						<line number="78" hits="0"/>
						<line number="80" hits="0"/>
						<line number="82" hits="0"/>
						<line number="83" hits="0"/>
						<line number="84" hits="0"/>
						<line number="85" hits="0"/>
						<line number="88" hits="1"/>
						<line number="90" hits="1"/>
						<line number="91" hits="1"/>
						<line number="92" hits="1"/>
						<line number="93" hits="0"/>
						<line number="94" hits="0"/>
					</lines>
				</class>
				<class name="config_models.py" filename="config_models.py" complexity="0" line-rate="0.5483" branch-rate="0.03571">
					<methods/>
					<lines>
						<line number="9" hits="1"/>
						<line number="10" hits="1"/>
						<line number="11" hits="1"/>
						<line number="12" hits="1"/>
						<line number="14" hits="1"/>
						<line number="17" hits="1"/>
						<line number="20" hits="1"/>
						<line number="21" hits="1"/>
						<line number="22" hits="1"/>
						<line number="23" hits="1"/>
						<line number="24" hits="1"/>
						<line number="27" hits="1"/>
						<line number="30" hits="1"/>
						<line number="31" hits="1"/>
						<line number="32" hits="1"/>
						<line number="35" hits="1"/>
						<line number="38" hits="1"/>
						<line number="39" hits="1"/>
						<line number="40" hits="1"/>
						<line number="41" hits="1"/>
						<line number="44" hits="1"/>
						<line number="47" hits="1"/>
						<line number="48" hits="1"/>
						<line number="49" hits="1"/>
						<line number="50" hits="1"/>
						<line number="51" hits="1"/>
						<line number="52" hits="1"/>
						<line number="55" hits="1"/>
						<line number="58" hits="1"/>
						<line number="59" hits="1"/>
						<line number="60" hits="1"/>
						<line number="61" hits="1"/>
						<line number="62" hits="1"/>
						<line number="63" hits="1"/>
						<line number="64" hits="1"/>
						<line number="65" hits="1"/>
						<line number="68" hits="1"/>
						<line number="69" hits="1"/>
						<line number="72" hits="1"/>
						<line number="73" hits="1"/>
						<line number="74" hits="1"/>
						<line number="75" hits="1"/>
						<line number="76" hits="1"/>
						<line number="77" hits="1"/>
						<line number="80" hits="1"/>
						<line number="81" hits="1"/>
						<line number="84" hits="1"/>
						<line number="85" hits="1"/>
						<line number="86" hits="1"/>
						<line number="89" hits="1"/>
						<line number="90" hits="1"/>
						<line number="93" hits="1"/>
						<line number="94" hits="1"/>
						<line number="95" hits="1"/>
						<line number="96" hits="1"/>
						<line number="97" hits="1"/>
						<line number="98" hits="1"/>
						<line number="99" hits="1"/>
						<line number="100" hits="1"/>
						<line number="101" hits="1"/>
						<line number="104" hits="1"/>
						<line number="105" hits="1"/>
						<line number="108" hits="1"/>
						<line number="109" hits="1"/>
						<line number="110" hits="1"/>
						<line number="111" hits="1"/>
						<line number="112" hits="1"/>
						<line number="114" hits="1"/>
						<line number="116" hits="0"/>
						<line number="117" hits="0" branch="true" condition-coverage="0% (0/2)" missing-branches="118,119"/>
						<line number="118" hits="0"/>
						<line number="119" hits="0"/>
						<line number="122" hits="1"/>
						<line number="123" hits="1"/>
						<line number="126" hits="1"/>
						<line number="127" hits="1"/>
						<line number="130" hits="1"/>
						<line number="131" hits="1"/>
						<line number="132" hits="1"/>
						<line number="133" hits="1"/>
						<line number="134" hits="1"/>
						<line number="136" hits="1"/>
						<line number="138" hits="0"/>
						<line number="139" hits="0" branch="true" condition-coverage="0% (0/2)" missing-branches="140,141"/>
						<line number="140" hits="0"/>
						<line number="141" hits="0"/>
						<line number="143" hits="1"/>
						<line number="145" hits="0"/>
						<line number="146" hits="0" branch="true" condition-coverage="0% (0/2)" missing-branches="147,148"/>
						<line number="147" hits="0"/>
						<line number="148" hits="0"/>
						<line number="151" hits="1"/>
						<line number="152" hits="1"/>
						<line number="155" hits="1"/>
						<line number="156" hits="1"/>
						<line number="158" hits="1"/>
						<line number="170" hits="1"/>
						<line number="172" hits="1"/>
						<line number="174" hits="1"/>
						<line number="177" hits="1"/>
						<line number="178" hits="1"/>
						<line number="181" hits="1"/>
						<line number="182" hits="1"/>
						<line number="183" hits="1"/>
						<line number="184" hits="1"/>
						<line number="185" hits="1"/>
						<line number="186" hits="1"/>
						<line number="189" hits="1"/>
						<line number="190" hits="1"/>
						<line number="193" hits="1"/>
						<line number="194" hits="1"/>
						<line number="195" hits="1"/>
						<line number="196" hits="1"/>
						<line number="198" hits="1"/>
						<line number="200" hits="0"/>
						<line number="201" hits="0" branch="true" condition-coverage="0% (0/2)" missing-branches="202,203"/>
						<line number="202" hits="0"/>
						<line number="203" hits="0"/>
						<line number="206" hits="1"/>
						<line number="207" hits="1"/>
						<line number="210" hits="1"/>
						<line number="211" hits="1"/>
						<line number="212" hits="1"/>
						<line number="215" hits="1"/>
						<line number="216" hits="1"/>
						<line number="219" hits="1"/>
						<line number="220" hits="1"/>
						<line number="221" hits="1"/>
						<line number="223" hits="1"/>
						<line number="225" hits="0"/>
						<line number="226" hits="0" branch="true" condition-coverage="0% (0/2)" missing-branches="227,228"/>
						<line number="227" hits="0"/>
						<line number="228" hits="0"/>
						<line number="231" hits="1"/>
						<line number="232" hits="1"/>
						<line number="235" hits="1"/>
						<line number="236" hits="1"/>
						<line number="239" hits="1"/>
						<line number="240" hits="1"/>
						<line number="243" hits="1"/>
						<line number="244" hits="1"/>
						<line number="245" hits="1"/>
						<line number="246" hits="1"/>
						<line number="247" hits="1"/>
						<line number="248" hits="1"/>
						<line number="249" hits="1"/>
						<line number="250" hits="1"/>
						<line number="251" hits="1"/>
						<line number="252" hits="1"/>
						<line number="253" hits="1"/>
						<line number="255" hits="1"/>
						<line number="257" hits="0"/>
						<line number="260" hits="0"/>
						<line number="261" hits="0"/>
						<line number="262" hits="0"/>
						<line number="263" hits="0"/>
						<line number="266" hits="0" branch="true" condition-coverage="0% (0/2)" missing-branches="267,269"/>
						<line number="267" hits="0"/>
						<line number="269" hits="0"/>
						<line number="271" hits="1"/>
						<line number="273" hits="0"/>
						<line number="341" hits="1"/>
						<line number="343" hits="0"/>
						<line number="346" hits="0"/>
						<line number="353" hits="0"/>
						<line number="354" hits="0"/>
						<line number="355" hits="0"/>
						<line number="357" hits="1"/>
						<line number="358" hits="1"/>
						<line number="360" hits="1" branch="true" condition-coverage="50% (1/2)" missing-branches="363"/>
						<line number="361" hits="1"/>
						<line number="363" hits="0"/>
						<line number="364" hits="0"/>
						<line number="366" hits="0" branch="true" condition-coverage="0% (0/2)" missing-branches="367,369"/>
						<line number="367" hits="0"/>
						<line number="369" hits="0"/>
						<line number="372" hits="0"/>
						<line number="373" hits="0"/>
						<line number="374" hits="0"/>
						<line number="375" hits="0"/>
						<line number="378" hits="0"/>
						<line number="379" hits="0"/>
						<line number="382" hits="0"/>
						<line number="383" hits="0" branch="true" condition-coverage="0% (0/2)" missing-branches="384,388"/>
						<line number="384" hits="0"/>
						<line number="385" hits="0"/>
						<line number="386" hits="0"/>
						<line number="387" hits="0"/>
						<line number="388" hits="0"/>
						<line number="391" hits="0" branch="true" condition-coverage="0% (0/2)" missing-branches="392,396"/>
						<line number="392" hits="0"/>
						<line number="393" hits="0"/>
						<line number="394" hits="0"/>
						<line number="395" hits="0"/>
						<line number="396" hits="0"/>
						<line number="399" hits="0"/>
						<line number="400" hits="0"/>
						<line number="401" hits="0" branch="true" condition-coverage="0% (0/2)" missing-branches="402,406"/>
						<line number="402" hits="0"/>
						<line number="403" hits="0"/>
						<line number="404" hits="0"/>
						<line number="405" hits="0"/>
						<line number="406" hits="0"/>
						<line number="407" hits="0"/>
						<line number="408" hits="0"/>
						<line number="411" hits="0" branch="true" condition-coverage="0% (0/2)" missing-branches="412,418"/>
						<line number="412" hits="0"/>
						<line number="413" hits="0"/>
						<line number="414" hits="0"/>
						<line number="415" hits="0"/>
						<line number="418" hits="0"/>
						<line number="419" hits="0"/>
						<line number="420" hits="0"/>
						<line number="421" hits="0"/>
						<line number="422" hits="0"/>
						<line number="427" hits="0"/>
						<line number="430" hits="0" branch="true" condition-coverage="0% (0/2)" missing-branches="431,437"/>
						<line number="431" hits="0"/>
						<line number="432" hits="0" branch="true" condition-coverage="0% (0/2)" missing-branches="433,437"/>
						<line number="433" hits="0"/>
						<line number="434" hits="0"/>
						<line number="435" hits="0"/>
						<line number="436" hits="0"/>
						<line number="437" hits="0"/>
						<line number="438" hits="0"/>
						<line number="439" hits="0"/>
						<line number="442" hits="0"/>
						<line number="443" hits="0"/>
						<line number="448" hits="0"/>
						<line number="451" hits="0"/>
						<line number="452" hits="0"/>
						<line number="453" hits="0"/>
						<line number="454" hits="0"/>
						<line number="455" hits="0"/>
						<line number="458" hits="0"/>
						<line number="459" hits="0"/>
						<line number="460" hits="0"/>
						<line number="463" hits="0"/>
						<line number="466" hits="0"/>
						<line number="469" hits="0"/>
						<line number="474" hits="0"/>
						<line number="475" hits="0"/>
						<line number="476" hits="0"/>
						<line number="479" hits="0"/>
						<line number="484" hits="0"/>
						<line number="487" hits="0"/>
						<line number="488" hits="0"/>
						<line number="491" hits="0"/>
						<line number="492" hits="0"/>
						<line number="493" hits="0"/>
						<line number="496" hits="0"/>
						<line number="497" hits="0"/>
						<line number="501" hits="0"/>
						<line number="505" hits="1"/>
						<line number="507" hits="1"/>
						<line number="510" hits="1"/>
						<line number="512" hits="1"/>
						<line number="515" hits="1"/>
						<line number="517" hits="0"/>
					</lines>
				</class>
				<class name="config_validator.py" filename="config_validator.py" complexity="0" line-rate="0.4674" branch-rate="0.3333">
					<methods/>
					<lines>
						<line number="9" hits="1"/>
						<line number="10" hits="1"/>
						<line number="11" hits="1"/>
						<line number="12" hits="1"/>
						<line number="13" hits="1"/>
						<line number="14" hits="1"/>
						<line number="17" hits="1"/>
						<line number="19" hits="1"/>
						<line number="26" hits="1"/>
						<line number="29" hits="1"/>
						<line number="30" hits="1"/>
						<line number="33" hits="1"/>
						<line number="34" hits="1"/>
						<line number="35" hits="1"/>
						<line number="36" hits="1"/>
						<line number="37" hits="1"/>
						<line number="40" hits="1"/>
						<line number="41" hits="1"/>
						<line number="44" hits="1"/>
						<line number="45" hits="1"/>
						<line number="46" hits="1"/>
						<line number="47" hits="1"/>
						<line number="49" hits="1"/>
						<line number="51" hits="1"/>
						<line number="52" hits="1"/>
						<line number="54" hits="1"/>
						<line number="56" hits="1"/>
						<line number="58" hits="1"/>
						<line number="60" hits="1"/>
						<line number="62" hits="1"/>
						<line number="64" hits="0"/>
						<line number="65" hits="0"/>
						<line number="66" hits="0"/>
						<line number="67" hits="0" branch="true" condition-coverage="0% (0/2)" missing-branches="exit,68"/>
						<line number="68" hits="0"/>
						<line number="71" hits="1"/>
						<line number="74" hits="1"/>
						<line number="75" hits="1"/>
						<line number="76" hits="1"/>
						<line number="78" hits="1"/>
						<line number="88" hits="1"/>
						<line number="90" hits="1"/>
						<line number="92" hits="1"/>
						<line number="95" hits="1"/>
						<line number="98" hits="1"/>
						<line number="101" hits="1"/>
						<line number="104" hits="1"/>
						<line number="106" hits="1"/>
						<line number="108" hits="0"/>
						<line number="109" hits="0"/>
						<line number="110" hits="0"/>
						<line number="111" hits="0"/>
						<line number="113" hits="1"/>
						<line number="117" hits="1" branch="true" condition-coverage="100% (2/2)"/>
						<line number="118" hits="1"/>
						<line number="120" hits="1" branch="true" condition-coverage="50% (1/2)" missing-branches="121"/>
						<line number="121" hits="0"/>
						<line number="124" hits="1" branch="true" condition-coverage="100% (2/2)"/>
						<line number="125" hits="1"/>
						<line number="128" hits="1" branch="true" condition-coverage="50% (1/2)" missing-branches="129"/>
						<line number="129" hits="0"/>
						<line number="132" hits="1" branch="true" condition-coverage="50% (1/2)" missing-branches="138"/>
						<line number="133" hits="1" branch="true" condition-coverage="100% (2/2)"/>
						<line number="134" hits="1" branch="true" condition-coverage="50% (1/2)" missing-branches="135"/>
						<line number="135" hits="0"/>
						<line number="138" hits="1" branch="true" condition-coverage="50% (1/2)" missing-branches="139"/>
						<line number="139" hits="0" branch="true" condition-coverage="0% (0/2)" missing-branches="140,143"/>
						<line number="140" hits="0"/>
						<line number="143" hits="1" branch="true" condition-coverage="50% (1/2)" missing-branches="exit"/>
						<line number="144" hits="1" branch="true" condition-coverage="50% (1/2)" missing-branches="145"/>
						<line number="145" hits="0"/>
						<line number="147" hits="1"/>
						<line number="151" hits="1" branch="true" condition-coverage="50% (1/2)" missing-branches="158"/>
						<line number="152" hits="1" branch="true" condition-coverage="50% (1/2)" missing-branches="153"/>
						<line number="153" hits="0"/>
						<line number="154" hits="1" branch="true" condition-coverage="100% (2/2)"/>
						<line number="155" hits="1"/>
						<line number="158" hits="1" branch="true" condition-coverage="50% (1/2)" missing-branches="159"/>
						<line number="159" hits="0" branch="true" condition-coverage="0% (0/2)" missing-branches="160,163"/>
						<line number="160" hits="0"/>
						<line number="163" hits="1" branch="true" condition-coverage="50% (1/2)" missing-branches="170"/>
						<line number="164" hits="1" branch="true" condition-coverage="50% (1/2)" missing-branches="165"/>
						<line number="165" hits="0"/>
						<line number="166" hits="1" branch="true" condition-coverage="50% (1/2)" missing-branches="167"/>
						<line number="167" hits="0"/>
						<line number="170" hits="1" branch="true" condition-coverage="50% (1/2)" missing-branches="177"/>
						<line number="171" hits="1" branch="true" condition-coverage="50% (1/2)" missing-branches="172"/>
						<line number="172" hits="0"/>
						<line number="173" hits="1" branch="true" condition-coverage="50% (1/2)" missing-branches="174"/>
						<line number="174" hits="0"/>
						<line number="177" hits="1" branch="true" condition-coverage="100% (2/2)"/>
						<line number="178" hits="1" branch="true" condition-coverage="50% (1/2)" missing-branches="180"/>
						<line number="179" hits="1"/>
						<line number="180" hits="1" branch="true" condition-coverage="50% (1/2)" missing-branches="exit"/>
						<line number="181" hits="1"/>
						<line number="183" hits="1"/>
						<line number="187" hits="1" branch="true" condition-coverage="100% (2/2)"/>
						<line number="188" hits="1" branch="true" condition-coverage="50% (1/2)" missing-branches="192"/>
						<line number="189" hits="1"/>
						<line number="192" hits="1" branch="true" condition-coverage="50% (1/2)" missing-branches="197"/>
						<line number="194" hits="1"/>
						<line number="197" hits="1" branch="true" condition-coverage="50% (1/2)" missing-branches="205"/>
						<line number="199" hits="1"/>
						<line number="200" hits="1" branch="true" condition-coverage="100% (2/2)"/>
						<line number="201" hits="1" branch="true" condition-coverage="50% (1/2)" missing-branches="202"/>
						<line number="202" hits="0"/>
						<line number="205" hits="1" branch="true" condition-coverage="50% (1/2)" missing-branches="206"/>
						<line number="206" hits="0" branch="true" condition-coverage="0% (0/2)" missing-branches="207,210"/>
						<line number="207" hits="0"/>
						<line number="210" hits="1" branch="true" condition-coverage="50% (1/2)" missing-branches="211"/>
						<line number="211" hits="0"/>
						<line number="213" hits="1"/>
						<line number="217" hits="1" branch="true" condition-coverage="50% (1/2)" missing-branches="218"/>
						<line number="218" hits="0"/>
						<line number="220" hits="1" branch="true" condition-coverage="50% (1/2)" missing-branches="221"/>
						<line number="221" hits="0"/>
						<line number="223" hits="1" branch="true" condition-coverage="50% (1/2)" missing-branches="224"/>
						<line number="224" hits="0"/>
						<line number="227" hits="1" branch="true" condition-coverage="50% (1/2)" missing-branches="228"/>
						<line number="228" hits="0"/>
						<line number="231" hits="1" branch="true" condition-coverage="100% (2/2)"/>
						<line number="232" hits="1"/>
						<line number="234" hits="1"/>
						<line number="238" hits="1"/>
						<line number="253" hits="1"/>
						<line number="254" hits="1" branch="true" condition-coverage="50% (1/2)" missing-branches="263"/>
						<line number="256" hits="1" branch="true" condition-coverage="50% (1/2)" missing-branches="260"/>
						<line number="260" hits="0"/>
						<line number="263" hits="1" branch="true" condition-coverage="50% (1/2)" missing-branches="264"/>
						<line number="264" hits="0" branch="true" condition-coverage="0% (0/2)" missing-branches="265,268"/>
						<line number="265" hits="0"/>
						<line number="268" hits="1"/>
						<line number="269" hits="1"/>
						<line number="275" hits="1" branch="true" condition-coverage="50% (1/2)" missing-branches="276"/>
						<line number="276" hits="0"/>
						<line number="278" hits="1"/>
						<line number="280" hits="1"/>
						<line number="302" hits="1"/>
						<line number="304" hits="1"/>
						<line number="306" hits="1"/>
						<line number="307" hits="1"/>
						<line number="309" hits="1"/>
						<line number="310" hits="1"/>
						<line number="311" hits="0"/>
						<line number="313" hits="0"/>
						<line number="314" hits="0"/>
						<line number="316" hits="0"/>
						<line number="317" hits="0"/>
						<line number="318" hits="0"/>
						<line number="319" hits="0"/>
						<line number="320" hits="0"/>
						<line number="323" hits="0"/>
						<line number="333" hits="0"/>
						<line number="335" hits="1"/>
						<line number="337" hits="0" branch="true" condition-coverage="0% (0/2)" missing-branches="338,341"/>
						<line number="338" hits="0"/>
						<line number="341" hits="0"/>
						<line number="342" hits="0"/>
						<line number="344" hits="1"/>
						<line number="346" hits="0" branch="true" condition-coverage="0% (0/2)" missing-branches="347,350"/>
						<line number="347" hits="0"/>
						<line number="350" hits="0"/>
						<line number="359" hits="0"/>
						<line number="361" hits="1"/>
						<line number="363" hits="1"/>
						<line number="364" hits="1"/>
						<line number="367" hits="1"/>
						<line number="370" hits="1"/>
						<line number="371" hits="0"/>
						<line number="373" hits="1"/>
						<line number="375" hits="0"/>
						<line number="376" hits="0"/>
						<line number="378" hits="0"/>
						<line number="379" hits="0"/>
						<line number="381" hits="1"/>
						<line number="391" hits="0"/>
						<line number="392" hits="0" branch="true" condition-coverage="0% (0/2)" missing-branches="393,397"/>
						<line number="393" hits="0" branch="true" condition-coverage="0% (0/2)" missing-branches="392,394"/>
						<line number="394" hits="0"/>
						<line number="397" hits="0"/>
						<line number="398" hits="0" branch="true" condition-coverage="0% (0/2)" missing-branches="exit,399"/>
						<line number="399" hits="0"/>
						<line number="401" hits="0" branch="true" condition-coverage="0% (0/2)" missing-branches="402,405"/>
						<line number="402" hits="0"/>
						<line number="403" hits="0"/>
						<line number="405" hits="0"/>
						<line number="406" hits="0"/>
						<line number="408" hits="1"/>
						<line number="413" hits="0"/>
						<line number="416" hits="0" branch="true" condition-coverage="0% (0/2)" missing-branches="417,418"/>
						<line number="417" hits="0"/>
						<line number="418" hits="0" branch="true" condition-coverage="0% (0/2)" missing-branches="419,420"/>
						<line number="419" hits="0"/>
						<line number="420" hits="0" branch="true" condition-coverage="0% (0/2)" missing-branches="421,422"/>
						<line number="421" hits="0"/>
						<line number="422" hits="0" branch="true" condition-coverage="0% (0/2)" missing-branches="423,426"/>
						<line number="423" hits="0"/>
						<line number="426" hits="0" branch="true" condition-coverage="0% (0/2)" missing-branches="427,430"/>
						<line number="427" hits="0"/>
						<line number="430" hits="0" branch="true" condition-coverage="0% (0/2)" missing-branches="431,437"/>
						<line number="431" hits="0" branch="true" condition-coverage="0% (0/2)" missing-branches="432,433"/>
						<line number="432" hits="0"/>
						<line number="433" hits="0" branch="true" condition-coverage="0% (0/2)" missing-branches="434,437"/>
						<line number="434" hits="0"/>
						<line number="437" hits="0" branch="true" condition-coverage="0% (0/2)" missing-branches="exit,438"/>
						<line number="438" hits="0" branch="true" condition-coverage="0% (0/2)" missing-branches="439,440"/>
						<line number="439" hits="0"/>
						<line number="440" hits="0" branch="true" condition-coverage="0% (0/2)" missing-branches="441,442"/>
						<line number="441" hits="0"/>
						<line number="442" hits="0" branch="true" condition-coverage="0% (0/2)" missing-branches="exit,443"/>
						<line number="443" hits="0"/>
						<line number="445" hits="1"/>
						<line number="447" hits="0"/>
						<line number="499" hits="1"/>
						<line number="509" hits="0"/>
						<line number="511" hits="0"/>
						<line number="513" hits="0" branch="true" condition-coverage="0% (0/2)" missing-branches="514,518"/>
						<line number="514" hits="0"/>
						<line number="515" hits="0"/>
						<line number="518" hits="0"/>
						<line number="520" hits="0"/>
						<line number="523" hits="0"/>
						<line number="524" hits="0"/>
						<line number="527" hits="0"/>
						<line number="528" hits="0"/>
						<line number="529" hits="0"/>
						<line number="532" hits="0"/>
						<line number="533" hits="0"/>
						<line number="535" hits="0"/>
						<line number="537" hits="0"/>
						<line number="538" hits="0"/>
						<line number="539" hits="0"/>
						<line number="542" hits="1"/>
						<line number="544" hits="0"/>
						<line number="546" hits="0"/>
						<line number="547" hits="0"/>
						<line number="548" hits="0"/>
						<line number="550" hits="0"/>
						<line number="552" hits="0"/>
						<line number="555" hits="0" branch="true" condition-coverage="0% (0/2)" missing-branches="556,561"/>
						<line number="556" hits="0"/>
						<line number="557" hits="0" branch="true" condition-coverage="0% (0/2)" missing-branches="558,559"/>
						<line number="558" hits="0"/>
						<line number="559" hits="0"/>
						<line number="561" hits="0" branch="true" condition-coverage="0% (0/2)" missing-branches="562,567"/>
						<line number="562" hits="0"/>
						<line number="563" hits="0" branch="true" condition-coverage="0% (0/2)" missing-branches="564,565"/>
						<line number="564" hits="0"/>
						<line number="565" hits="0"/>
						<line number="567" hits="0" branch="true" condition-coverage="0% (0/2)" missing-branches="568,573"/>
						<line number="568" hits="0"/>
						<line number="569" hits="0" branch="true" condition-coverage="0% (0/2)" missing-branches="570,571"/>
						<line number="570" hits="0"/>
						<line number="571" hits="0"/>
						<line number="573" hits="0" branch="true" condition-coverage="0% (0/2)" missing-branches="574,577"/>
						<line number="574" hits="0"/>
						<line number="575" hits="0"/>
						<line number="577" hits="0" branch="true" condition-coverage="0% (0/2)" missing-branches="578,580"/>
						<line number="578" hits="0"/>
						<line number="580" hits="0"/>
						<line number="581" hits="0"/>
					</lines>
				</class>
				<class name="error_handling.py" filename="error_handling.py" complexity="0" line-rate="1" branch-rate="1">
					<methods/>
					<lines>
						<line number="7" hits="1"/>
						<line number="8" hits="1"/>
						<line number="11" hits="1"/>
						<line number="14" hits="1"/>
						<line number="15" hits="1"/>
						<line number="16" hits="1"/>
						<line number="17" hits="1"/>
						<line number="18" hits="1"/>
						<line number="21" hits="1"/>
						<line number="24" hits="1"/>
						<line number="25" hits="1"/>
						<line number="26" hits="1"/>
						<line number="27" hits="1"/>
						<line number="30" hits="1"/>
						<line number="33" hits="1"/>
						<line number="34" hits="1"/>
						<line number="35" hits="1"/>
						<line number="36" hits="1"/>
						<line number="39" hits="1"/>
						<line number="41" hits="1"/>
						<line number="42" hits="1" branch="true" condition-coverage="100% (2/2)"/>
						<line number="43" hits="1"/>
						<line number="44" hits="1"/>
						<line number="45" hits="1"/>
						<line number="46" hits="1"/>
						<line number="47" hits="1"/>
						<line number="48" hits="1"/>
						<line number="51" hits="1"/>
						<line number="53" hits="1"/>
					</lines>
				</class>
				<class name="help_viewer.py" filename="help_viewer.py" complexity="0" line-rate="0.121" branch-rate="0">
					<methods/>
					<lines>
						<line number="7" hits="1"/>
						<line number="8" hits="1"/>
						<line number="11" hits="1"/>
						<line number="14" hits="1"/>
						<line number="15" hits="0"/>
						<line number="16" hits="0"/>
						<line number="17" hits="0"/>
						<line number="20" hits="0"/>
						<line number="116" hits="0"/>
						<line number="117" hits="0"/>
						<line number="119" hits="1"/>
						<line number="121" hits="0"/>
						<line number="123" hits="0"/>
						<line number="124" hits="0"/>
						<line number="125" hits="0"/>
						<line number="126" hits="0"/>
						<line number="129" hits="0" branch="true" condition-coverage="0% (0/2)" missing-branches="130,133"/>
						<line number="130" hits="0"/>
						<line number="131" hits="0"/>
						<line number="133" hits="0" branch="true" condition-coverage="0% (0/2)" missing-branches="134,138"/>
						<line number="134" hits="0"/>
						<line number="135" hits="0"/>
						<line number="138" hits="0"/>
						<line number="139" hits="0"/>
						<line number="140" hits="0"/>
						<line number="141" hits="0"/>
						<line number="142" hits="0"/>
						<line number="144" hits="0"/>
						<line number="145" hits="0"/>
						<line number="147" hits="1"/>
						<line number="149" hits="0"/>
						<line number="150" hits="0"/>
						<line number="152" hits="0" branch="true" condition-coverage="0% (0/2)" missing-branches="exit,153"/>
						<line number="153" hits="0" branch="true" condition-coverage="0% (0/2)" missing-branches="155,158"/>
						<line number="155" hits="0"/>
						<line number="156" hits="0"/>
						<line number="158" hits="0" branch="true" condition-coverage="0% (0/2)" missing-branches="160,165"/>
						<line number="160" hits="0"/>
						<line number="161" hits="0"/>
						<line number="162" hits="0"/>
						<line number="165" hits="0"/>
						<line number="167" hits="0"/>
						<line number="169" hits="1"/>
						<line number="171" hits="0"/>
						<line number="174" hits="0"/>
						<line number="175" hits="0"/>
						<line number="176" hits="0"/>
						<line number="179" hits="0"/>
						<line number="181" hits="0" branch="true" condition-coverage="0% (0/2)" missing-branches="182,200"/>
						<line number="182" hits="0"/>
						<line number="183" hits="0" branch="true" condition-coverage="0% (0/2)" missing-branches="181,185"/>
						<line number="185" hits="0" branch="true" condition-coverage="0% (0/2)" missing-branches="186,188"/>
						<line number="186" hits="0"/>
						<line number="188" hits="0"/>
						<line number="190" hits="0" branch="true" condition-coverage="0% (0/2)" missing-branches="191,195"/>
						<line number="191" hits="0"/>
						<line number="192" hits="0"/>
						<line number="193" hits="0"/>
						<line number="195" hits="0"/>
						<line number="196" hits="0"/>
						<line number="197" hits="0"/>
						<line number="200" hits="0" branch="true" condition-coverage="0% (0/2)" missing-branches="201,206"/>
						<line number="201" hits="0"/>
						<line number="202" hits="0"/>
						<line number="203" hits="0"/>
						<line number="204" hits="0"/>
						<line number="206" hits="0" branch="true" condition-coverage="0% (0/2)" missing-branches="exit,207"/>
						<line number="207" hits="0"/>
						<line number="208" hits="0"/>
						<line number="209" hits="0"/>
						<line number="210" hits="0"/>
						<line number="212" hits="1"/>
						<line number="214" hits="0"/>
						<line number="215" hits="0"/>
						<line number="216" hits="0"/>
						<line number="217" hits="0"/>
						<line number="218" hits="0"/>
						<line number="219" hits="0"/>
						<line number="220" hits="0"/>
						<line number="222" hits="1"/>
						<line number="225" hits="0"/>
						<line number="226" hits="0"/>
						<line number="228" hits="0"/>
						<line number="229" hits="0"/>
						<line number="230" hits="0"/>
						<line number="231" hits="0"/>
						<line number="233" hits="0"/>
						<line number="236" hits="0"/>
						<line number="238" hits="0" branch="true" condition-coverage="0% (0/2)" missing-branches="239,240"/>
						<line number="239" hits="0"/>
						<line number="240" hits="0" branch="true" condition-coverage="0% (0/2)" missing-branches="242,244"/>
						<line number="242" hits="0"/>
						<line number="243" hits="0"/>
						<line number="244" hits="0" branch="true" condition-coverage="0% (0/2)" missing-branches="246,248"/>
						<line number="246" hits="0"/>
						<line number="247" hits="0"/>
						<line number="248" hits="0" branch="true" condition-coverage="0% (0/2)" missing-branches="250,252"/>
						<line number="250" hits="0" branch="true" condition-coverage="0% (0/2)" missing-branches="225,251"/>
						<line number="251" hits="0"/>
						<line number="252" hits="0" branch="true" condition-coverage="0% (0/2)" missing-branches="254,258"/>
						<line number="254" hits="0"/>
						<line number="255" hits="0"/>
						<line number="256" hits="0" branch="true" condition-coverage="0% (0/2)" missing-branches="225,257"/>
						<line number="257" hits="0"/>
						<line number="258" hits="0" branch="true" condition-coverage="0% (0/2)" missing-branches="259,260"/>
						<line number="259" hits="0"/>
						<line number="260" hits="0" branch="true" condition-coverage="0% (0/2)" missing-branches="261,264"/>
						<line number="261" hits="0"/>
						<line number="262" hits="0"/>
						<line number="263" hits="0"/>
						<line number="264" hits="0" branch="true" condition-coverage="0% (0/2)" missing-branches="265,266"/>
						<line number="265" hits="0"/>
						<line number="266" hits="0" branch="true" condition-coverage="0% (0/2)" missing-branches="225,267"/>
						<line number="267" hits="0"/>
						<line number="268" hits="0"/>
						<line number="271" hits="1"/>
						<line number="274" hits="1"/>
						<line number="275" hits="0"/>
						<line number="276" hits="0"/>
						<line number="278" hits="1"/>
						<line number="279" hits="1"/>
						<line number="280" hits="0"/>
						<line number="281" hits="1"/>
						<line number="282" hits="1"/>
					</lines>
				</class>
				<class name="history_viewer.py" filename="history_viewer.py" complexity="0" line-rate="0.156" branch-rate="0">
					<methods/>
					<lines>
						<line number="7" hits="1"/>
						<line number="8" hits="1"/>
						<line number="10" hits="1"/>
						<line number="11" hits="1"/>
						<line number="14" hits="1"/>
						<line number="17" hits="1"/>
						<line number="18" hits="0"/>
						<line number="19" hits="0"/>
						<line number="20" hits="0"/>
						<line number="22" hits="1"/>
						<line number="24" hits="0"/>
						<line number="25" hits="0"/>
						<line number="26" hits="0"/>
						<line number="27" hits="0"/>
						<line number="28" hits="0"/>
						<line number="29" hits="0"/>
						<line number="31" hits="1"/>
						<line number="35" hits="0"/>
						<line number="36" hits="0" branch="true" condition-coverage="0% (0/2)" missing-branches="37,47"/>
						<line number="37" hits="0"/>
						<line number="38" hits="0"/>
						<line number="39" hits="0"/>
						<line number="41" hits="0" branch="true" condition-coverage="0% (0/2)" missing-branches="42,44"/>
						<line number="42" hits="0"/>
						<line number="44" hits="0"/>
						<line number="45" hits="0"/>
						<line number="47" hits="0" branch="true" condition-coverage="0% (0/2)" missing-branches="48,53"/>
						<line number="48" hits="0"/>
						<line number="49" hits="0"/>
						<line number="50" hits="0"/>
						<line number="53" hits="0"/>
						<line number="54" hits="0"/>
						<line number="55" hits="0"/>
						<line number="56" hits="0"/>
						<line number="59" hits="0"/>
						<line number="61" hits="0"/>
						<line number="62" hits="0"/>
						<line number="64" hits="0" branch="true" condition-coverage="0% (0/2)" missing-branches="65,66"/>
						<line number="65" hits="0"/>
						<line number="66" hits="0"/>
						<line number="68" hits="1"/>
						<line number="72" hits="0"/>
						<line number="73" hits="0"/>
						<line number="79" hits="0" branch="true" condition-coverage="0% (0/2)" missing-branches="80,83"/>
						<line number="80" hits="0"/>
						<line number="83" hits="0"/>
						<line number="84" hits="0" branch="true" condition-coverage="0% (0/2)" missing-branches="89,92"/>
						<line number="89" hits="0"/>
						<line number="92" hits="0"/>
						<line number="93" hits="0" branch="true" condition-coverage="0% (0/2)" missing-branches="94,97"/>
						<line number="94" hits="0"/>
						<line number="95" hits="0"/>
						<line number="97" hits="0"/>
						<line number="98" hits="0"/>
						<line number="99" hits="0"/>
						<line number="100" hits="0"/>
						<line number="101" hits="0"/>
						<line number="103" hits="1"/>
						<line number="106" hits="0"/>
						<line number="109" hits="0"/>
						<line number="115" hits="0" branch="true" condition-coverage="0% (0/2)" missing-branches="116,119"/>
						<line number="116" hits="0"/>
						<line number="119" hits="0"/>
						<line number="121" hits="0" branch="true" condition-coverage="0% (0/2)" missing-branches="122,125"/>
						<line number="122" hits="0"/>
						<line number="125" hits="0"/>
						<line number="126" hits="0"/>
						<line number="130" hits="0" branch="true" condition-coverage="0% (0/2)" missing-branches="131,137"/>
						<line number="131" hits="0"/>
						<line number="132" hits="0"/>
						<line number="133" hits="0"/>
						<line number="134" hits="0" branch="true" condition-coverage="0% (0/2)" missing-branches="135,139"/>
						<line number="135" hits="0"/>
						<line number="137" hits="0"/>
						<line number="139" hits="0"/>
						<line number="140" hits="0"/>
						<line number="142" hits="0"/>
						<line number="143" hits="0"/>
						<line number="144" hits="0"/>
						<line number="146" hits="1"/>
						<line number="149" hits="0"/>
						<line number="151" hits="0"/>
						<line number="152" hits="0"/>
						<line number="154" hits="0" branch="true" condition-coverage="0% (0/2)" missing-branches="155,156"/>
						<line number="155" hits="0"/>
						<line number="156" hits="0" branch="true" condition-coverage="0% (0/2)" missing-branches="157,158"/>
						<line number="157" hits="0"/>
						<line number="158" hits="0" branch="true" condition-coverage="0% (0/2)" missing-branches="159,162"/>
						<line number="159" hits="0"/>
						<line number="162" hits="0"/>
						<line number="163" hits="0"/>
						<line number="169" hits="0"/>
						<line number="175" hits="0" branch="true" condition-coverage="0% (0/2)" missing-branches="177,180"/>
						<line number="177" hits="0"/>
						<line number="178" hits="0"/>
						<line number="179" hits="0"/>
						<line number="180" hits="0" branch="true" condition-coverage="0% (0/2)" missing-branches="151,182"/>
						<line number="182" hits="0"/>
						<line number="183" hits="0"/>
						<line number="184" hits="0"/>
						<line number="187" hits="1"/>
						<line number="190" hits="1"/>
						<line number="191" hits="0"/>
						<line number="192" hits="0"/>
						<line number="194" hits="1"/>
						<line number="195" hits="1"/>
						<line number="196" hits="0"/>
						<line number="197" hits="1"/>
						<line number="198" hits="1"/>
					</lines>
				</class>
				<class name="menu_dialog.py" filename="menu_dialog.py" complexity="0" line-rate="0.4859" branch-rate="0.2571">
					<methods/>
					<lines>
						<line number="7" hits="1"/>
						<line number="8" hits="1"/>
						<line number="10" hits="1"/>
						<line number="13" hits="1"/>
						<line number="16" hits="1"/>
						<line number="17" hits="1"/>
						<line number="18" hits="1"/>
						<line number="19" hits="1"/>
						<line number="20" hits="1"/>
						<line number="21" hits="1"/>
						<line number="23" hits="1"/>
						<line number="25" hits="0"/>
						<line number="27" hits="0"/>
						<line number="28" hits="0"/>
						<line number="29" hits="0"/>
						<line number="30" hits="0"/>
						<line number="33" hits="0" branch="true" condition-coverage="0% (0/2)" missing-branches="34,38"/>
						<line number="34" hits="0"/>
						<line number="35" hits="0"/>
						<line number="38" hits="0" branch="true" condition-coverage="0% (0/2)" missing-branches="39,43"/>
						<line number="39" hits="0"/>
						<line number="40" hits="0"/>
						<line number="43" hits="0" branch="true" condition-coverage="0% (0/2)" missing-branches="exit,44"/>
						<line number="44" hits="0"/>
						<line number="45" hits="0"/>
						<line number="46" hits="0"/>
						<line number="47" hits="0"/>
						<line number="48" hits="0"/>
						<line number="50" hits="0"/>
						<line number="51" hits="0"/>
						<line number="53" hits="1"/>
						<line number="55" hits="1"/>
						<line number="56" hits="1"/>
						<line number="57" hits="1" branch="true" condition-coverage="50% (1/2)" missing-branches="exit"/>
						<line number="58" hits="1"/>
						<line number="59" hits="0"/>
						<line number="60" hits="0"/>
						<line number="62" hits="1"/>
						<line number="64" hits="1"/>
						<line number="65" hits="1" branch="true" condition-coverage="50% (1/2)" missing-branches="exit"/>
						<line number="66" hits="1"/>
						<line number="67" hits="0"/>
						<line number="68" hits="0"/>
						<line number="70" hits="1"/>
						<line number="95" hits="1"/>
						<line number="96" hits="1"/>
						<line number="99" hits="1" branch="true" condition-coverage="50% (1/2)" missing-branches="100"/>
						<line number="100" hits="0"/>
						<line number="101" hits="0"/>
						<line number="102" hits="0"/>
						<line number="103" hits="0"/>
						<line number="106" hits="0"/>
						<line number="107" hits="0" branch="true" condition-coverage="0% (0/2)" missing-branches="108,110"/>
						<line number="108" hits="0"/>
						<line number="110" hits="0"/>
						<line number="111" hits="0" branch="true" condition-coverage="0% (0/2)" missing-branches="112,114"/>
						<line number="112" hits="0"/>
						<line number="114" hits="0"/>
						<line number="117" hits="1"/>
						<line number="118" hits="1"/>
						<line number="119" hits="1"/>
						<line number="120" hits="1"/>
						<line number="122" hits="1"/>
						<line number="123" hits="1" branch="true" condition-coverage="50% (1/2)" missing-branches="126"/>
						<line number="124" hits="1"/>
						<line number="126" hits="1"/>
						<line number="129" hits="1"/>
						<line number="131" hits="1"/>
						<line number="132" hits="1"/>
						<line number="135" hits="1" branch="true" condition-coverage="50% (1/2)" missing-branches="136"/>
						<line number="136" hits="0"/>
						<line number="139" hits="1"/>
						<line number="142" hits="1" branch="true" condition-coverage="50% (1/2)" missing-branches="149"/>
						<line number="143" hits="1"/>
						<line number="144" hits="1" branch="true" condition-coverage="100% (2/2)"/>
						<line number="145" hits="1"/>
						<line number="146" hits="1"/>
						<line number="149" hits="1"/>
						<line number="152" hits="1" branch="true" condition-coverage="50% (1/2)" missing-branches="153"/>
						<line number="153" hits="0"/>
						<line number="155" hits="1"/>
						<line number="157" hits="1" branch="true" condition-coverage="100% (2/2)"/>
						<line number="158" hits="1"/>
						<line number="161" hits="1"/>
						<line number="164" hits="1"/>
						<line number="167" hits="1" branch="true" condition-coverage="50% (1/2)" missing-branches="168"/>
						<line number="168" hits="0"/>
						<line number="169" hits="0"/>
						<line number="170" hits="1" branch="true" condition-coverage="50% (1/2)" missing-branches="171"/>
						<line number="171" hits="0"/>
						<line number="172" hits="0"/>
						<line number="175" hits="1" branch="true" condition-coverage="50% (1/2)" missing-branches="176"/>
						<line number="176" hits="0"/>
						<line number="177" hits="0" branch="true" condition-coverage="0% (0/2)" missing-branches="178,182"/>
						<line number="178" hits="0"/>
						<line number="179" hits="0"/>
						<line number="182" hits="1"/>
						<line number="183" hits="1"/>
						<line number="184" hits="1"/>
						<line number="187" hits="1" branch="true" condition-coverage="50% (1/2)" missing-branches="195"/>
						<line number="188" hits="1"/>
						<line number="189" hits="1"/>
						<line number="190" hits="1"/>
						<line number="191" hits="1" branch="true" condition-coverage="50% (1/2)" missing-branches="192"/>
						<line number="192" hits="0"/>
						<line number="193" hits="1"/>
						<line number="195" hits="1"/>
						<line number="198" hits="1"/>
						<line number="200" hits="1" branch="true" condition-coverage="50% (1/2)" missing-branches="201"/>
						<line number="201" hits="0"/>
						<line number="202" hits="1" branch="true" condition-coverage="50% (1/2)" missing-branches="204"/>
						<line number="203" hits="1"/>
						<line number="204" hits="0" branch="true" condition-coverage="0% (0/2)" missing-branches="205,219"/>
						<line number="205" hits="0"/>
						<line number="218" hits="0"/>
						<line number="219" hits="0" branch="true" condition-coverage="0% (0/2)" missing-branches="220,222"/>
						<line number="220" hits="0" branch="true" condition-coverage="0% (0/2)" missing-branches="131,221"/>
						<line number="221" hits="0"/>
						<line number="222" hits="0" branch="true" condition-coverage="0% (0/2)" missing-branches="223,229"/>
						<line number="223" hits="0" branch="true" condition-coverage="0% (0/2)" missing-branches="131,224"/>
						<line number="224" hits="0"/>
						<line number="225" hits="0" branch="true" condition-coverage="0% (0/2)" missing-branches="226,227"/>
						<line number="226" hits="0"/>
						<line number="227" hits="0" branch="true" condition-coverage="0% (0/2)" missing-branches="131,228"/>
						<line number="228" hits="0"/>
						<line number="229" hits="0" branch="true" condition-coverage="0% (0/2)" missing-branches="230,236"/>
						<line number="230" hits="0" branch="true" condition-coverage="0% (0/2)" missing-branches="131,231"/>
						<line number="231" hits="0"/>
						<line number="232" hits="0" branch="true" condition-coverage="0% (0/2)" missing-branches="233,234"/>
						<line number="233" hits="0"/>
						<line number="234" hits="0" branch="true" condition-coverage="0% (0/2)" missing-branches="131,235"/>
						<line number="235" hits="0"/>
						<line number="236" hits="0" branch="true" condition-coverage="0% (0/2)" missing-branches="131,238"/>
						<line number="238" hits="0"/>
						<line number="239" hits="0" branch="true" condition-coverage="0% (0/2)" missing-branches="131,240"/>
						<line number="240" hits="0"/>
						<line number="243" hits="1"/>
						<line number="246" hits="1"/>
						<line number="247" hits="0"/>
						<line number="249" hits="1"/>
						<line number="261" hits="0"/>
						<line number="263" hits="0"/>
					</lines>
				</class>
				<class name="menu_ui.py" filename="menu_ui.py" complexity="0" line-rate="0.1774" branch-rate="0">
					<methods/>
					<lines>
						<line number="7" hits="1"/>
						<line number="8" hits="1"/>
						<line number="9" hits="1"/>
						<line number="10" hits="1"/>
						<line number="11" hits="1"/>
						<line number="13" hits="1"/>
						<line number="14" hits="1"/>
						<line number="15" hits="1"/>
						<line number="16" hits="1"/>
						<line number="17" hits="1"/>
						<line number="18" hits="1"/>
						<line number="19" hits="1"/>
						<line number="20" hits="0"/>
						<line number="21" hits="0"/>
						<line number="22" hits="0"/>
						<line number="25" hits="1"/>
						<line number="28" hits="1"/>
						<line number="29" hits="1"/>
						<line number="32" hits="1"/>
						<line number="33" hits="1"/>
						<line number="34" hits="1"/>
						<line number="35" hits="1"/>
						<line number="36" hits="1"/>
						<line number="37" hits="1"/>
						<line number="40" hits="1"/>
						<line number="43" hits="1"/>
						<line number="44" hits="1"/>
						<line number="45" hits="1"/>
						<line number="47" hits="1"/>
						<line number="49" hits="0"/>
						<line number="51" hits="1"/>
						<line number="53" hits="0"/>
						<line number="55" hits="0"/>
						<line number="68" hits="0"/>
						<line number="69" hits="0"/>
						<line number="72" hits="0"/>
						<line number="79" hits="0"/>
						<line number="81" hits="0"/>
						<line number="88" hits="0" branch="true" condition-coverage="0% (0/2)" missing-branches="89,92"/>
						<line number="89" hits="0"/>
						<line number="90" hits="0"/>
						<line number="92" hits="0"/>
						<line number="94" hits="1"/>
						<line number="96" hits="0"/>
						<line number="99" hits="0"/>
						<line number="108" hits="0"/>
						<line number="109" hits="0"/>
						<line number="112" hits="0"/>
						<line number="142" hits="0"/>
						<line number="145" hits="0" branch="true" condition-coverage="0% (0/2)" missing-branches="146,151"/>
						<line number="146" hits="0"/>
						<line number="147" hits="0"/>
						<line number="151" hits="0"/>
						<line number="152" hits="0"/>
						<line number="154" hits="0" branch="true" condition-coverage="0% (0/2)" missing-branches="155,159"/>
						<line number="155" hits="0"/>
						<line number="156" hits="0"/>
						<line number="159" hits="0"/>
						<line number="160" hits="0"/>
						<line number="164" hits="0"/>
						<line number="165" hits="0"/>
						<line number="167" hits="0"/>
						<line number="168" hits="0"/>
						<line number="169" hits="0"/>
						<line number="170" hits="0"/>
						<line number="171" hits="0" branch="true" condition-coverage="0% (0/2)" missing-branches="172,173"/>
						<line number="172" hits="0"/>
						<line number="173" hits="0"/>
						<line number="174" hits="0"/>
						<line number="175" hits="0"/>
						<line number="177" hits="1"/>
						<line number="179" hits="0"/>
						<line number="181" hits="0"/>
						<line number="190" hits="0"/>
						<line number="191" hits="0"/>
						<line number="193" hits="0"/>
						<line number="261" hits="0" branch="true" condition-coverage="0% (0/2)" missing-branches="263,270"/>
						<line number="263" hits="0"/>
						<line number="266" hits="0" branch="true" condition-coverage="0% (0/2)" missing-branches="267,268"/>
						<line number="267" hits="0"/>
						<line number="268" hits="0"/>
						<line number="270" hits="0"/>
						<line number="271" hits="0"/>
						<line number="273" hits="0"/>
						<line number="281" hits="0"/>
						<line number="283" hits="0" branch="true" condition-coverage="0% (0/2)" missing-branches="284,291"/>
						<line number="284" hits="0"/>
						<line number="289" hits="0"/>
						<line number="291" hits="0"/>
						<line number="292" hits="0"/>
						<line number="294" hits="0"/>
						<line number="295" hits="0"/>
						<line number="296" hits="0"/>
						<line number="297" hits="0"/>
						<line number="300" hits="0"/>
						<line number="302" hits="0"/>
						<line number="303" hits="0"/>
						<line number="304" hits="0" branch="true" condition-coverage="0% (0/2)" missing-branches="305,306"/>
						<line number="305" hits="0"/>
						<line number="306" hits="0" branch="true" condition-coverage="0% (0/2)" missing-branches="307,309"/>
						<line number="307" hits="0"/>
						<line number="308" hits="0"/>
						<line number="309" hits="0"/>
						<line number="310" hits="0"/>
						<line number="311" hits="0"/>
						<line number="312" hits="0"/>
						<line number="313" hits="0"/>
						<line number="314" hits="0"/>
						<line number="315" hits="0"/>
						<line number="316" hits="0"/>
						<line number="318" hits="1"/>
						<line number="320" hits="0"/>
						<line number="322" hits="0"/>
						<line number="327" hits="0"/>
						<line number="328" hits="0"/>
						<line number="330" hits="0"/>
						<line number="341" hits="0"/>
						<line number="342" hits="0"/>
						<line number="344" hits="0"/>
						<line number="349" hits="0" branch="true" condition-coverage="0% (0/2)" missing-branches="350,354"/>
						<line number="350" hits="0"/>
						<line number="351" hits="0" branch="true" condition-coverage="0% (0/2)" missing-branches="349,352"/>
						<line number="352" hits="0"/>
						<line number="354" hits="0"/>
						<line number="356" hits="1"/>
						<line number="358" hits="0"/>
						<line number="360" hits="0"/>
						<line number="365" hits="0"/>
						<line number="366" hits="0"/>
						<line number="369" hits="0" branch="true" condition-coverage="0% (0/2)" missing-branches="370,376"/>
						<line number="370" hits="0"/>
						<line number="371" hits="0" branch="true" condition-coverage="0% (0/2)" missing-branches="372,373"/>
						<line number="372" hits="0"/>
						<line number="373" hits="0"/>
						<line number="376" hits="0" branch="true" condition-coverage="0% (0/2)" missing-branches="377,380"/>
						<line number="377" hits="0"/>
						<line number="380" hits="0" branch="true" condition-coverage="0% (0/2)" missing-branches="381,386"/>
						<line number="381" hits="0"/>
						<line number="382" hits="0" branch="true" condition-coverage="0% (0/2)" missing-branches="383,384"/>
						<line number="383" hits="0"/>
						<line number="384" hits="0"/>
						<line number="386" hits="0" branch="true" condition-coverage="0% (0/2)" missing-branches="387,393"/>
						<line number="387" hits="0"/>
						<line number="388" hits="0" branch="true" condition-coverage="0% (0/2)" missing-branches="389,390"/>
						<line number="389" hits="0"/>
						<line number="390" hits="0"/>
						<line number="393" hits="0" branch="true" condition-coverage="0% (0/2)" missing-branches="394,404"/>
						<line number="394" hits="0"/>
						<line number="396" hits="0"/>
						<line number="397" hits="0" branch="true" condition-coverage="0% (0/2)" missing-branches="398,399"/>
						<line number="398" hits="0"/>
						<line number="399" hits="0" branch="true" condition-coverage="0% (0/2)" missing-branches="400,401"/>
						<line number="400" hits="0"/>
						<line number="401" hits="0"/>
						<line number="404" hits="0" branch="true" condition-coverage="0% (0/2)" missing-branches="405,415"/>
						<line number="405" hits="0"/>
						<line number="411" hits="0"/>
						<line number="412" hits="0"/>
						<line number="415" hits="0"/>
						<line number="422" hits="0"/>
						<line number="424" hits="0"/>
						<line number="425" hits="0"/>
						<line number="426" hits="0"/>
						<line number="428" hits="0"/>
						<line number="429" hits="0"/>
						<line number="430" hits="0"/>
						<line number="431" hits="0" branch="true" condition-coverage="0% (0/2)" missing-branches="432,436"/>
						<line number="432" hits="0"/>
						<line number="433" hits="0"/>
						<line number="434" hits="0"/>
						<line number="436" hits="0" branch="true" condition-coverage="0% (0/2)" missing-branches="437,440"/>
						<line number="437" hits="0"/>
						<line number="438" hits="0"/>
						<line number="440" hits="0"/>
						<line number="442" hits="1"/>
						<line number="444" hits="0"/>
						<line number="467" hits="0"/>
						<line number="468" hits="0" branch="true" condition-coverage="0% (0/2)" missing-branches="469,474"/>
						<line number="469" hits="0" branch="true" condition-coverage="0% (0/2)" missing-branches="468,470"/>
						<line number="470" hits="0"/>
						<line number="471" hits="0"/>
						<line number="472" hits="0"/>
						<line number="473" hits="0"/>
						<line number="474" hits="0"/>
						<line number="477" hits="0" branch="true" condition-coverage="0% (0/2)" missing-branches="exit,478"/>
						<line number="478" hits="0"/>
						<line number="479" hits="0"/>
						<line number="480" hits="0" branch="true" condition-coverage="0% (0/2)" missing-branches="481,482"/>
						<line number="481" hits="0"/>
						<line number="482" hits="0"/>
						<line number="483" hits="0" branch="true" condition-coverage="0% (0/2)" missing-branches="484,485"/>
						<line number="484" hits="0"/>
						<line number="485" hits="0"/>
						<line number="487" hits="1"/>
						<line number="489" hits="0"/>
						<line number="491" hits="0"/>
						<line number="496" hits="0"/>
						<line number="497" hits="0"/>
						<line number="499" hits="0" branch="true" condition-coverage="0% (0/2)" missing-branches="500,502"/>
						<line number="500" hits="0"/>
						<line number="502" hits="0"/>
						<line number="505" hits="0"/>
						<line number="507" hits="0"/>
						<line number="508" hits="0"/>
						<line number="509" hits="0"/>
						<line number="511" hits="1"/>
						<line number="513" hits="0"/>
						<line number="515" hits="0"/>
						<line number="520" hits="0"/>
						<line number="521" hits="0"/>
						<line number="523" hits="0"/>
						<line number="526" hits="0" branch="true" condition-coverage="0% (0/2)" missing-branches="527,530"/>
						<line number="527" hits="0"/>
						<line number="530" hits="0" branch="true" condition-coverage="0% (0/2)" missing-branches="531,540"/>
						<line number="531" hits="0"/>
						<line number="532" hits="0"/>
						<line number="533" hits="0" branch="true" condition-coverage="0% (0/2)" missing-branches="534,536"/>
						<line number="534" hits="0" branch="true" condition-coverage="0% (0/2)" missing-branches="533,535"/>
						<line number="535" hits="0"/>
						<line number="536" hits="0"/>
						<line number="537" hits="0"/>
						<line number="540" hits="0" branch="true" condition-coverage="0% (0/2)" missing-branches="541,550"/>
						<line number="541" hits="0"/>
						<line number="542" hits="0"/>
						<line number="543" hits="0" branch="true" condition-coverage="0% (0/2)" missing-branches="544,546"/>
						<line number="544" hits="0" branch="true" condition-coverage="0% (0/2)" missing-branches="543,545"/>
						<line number="545" hits="0"/>
						<line number="546" hits="0"/>
						<line number="547" hits="0"/>
						<line number="550" hits="0" branch="true" condition-coverage="0% (0/2)" missing-branches="551,559"/>
						<line number="551" hits="0"/>
						<line number="552" hits="0"/>
						<line number="553" hits="0" branch="true" condition-coverage="0% (0/2)" missing-branches="554,556"/>
						<line number="554" hits="0" branch="true" condition-coverage="0% (0/2)" missing-branches="553,555"/>
						<line number="555" hits="0"/>
						<line number="556" hits="0"/>
						<line number="557" hits="0"/>
						<line number="559" hits="0"/>
						<line number="561" hits="1"/>
						<line number="563" hits="0"/>
						<line number="565" hits="0"/>
						<line number="580" hits="0"/>
						<line number="581" hits="0"/>
						<line number="582" hits="0"/>
						<line number="584" hits="0" branch="true" condition-coverage="0% (0/2)" missing-branches="585,593"/>
						<line number="585" hits="0" branch="true" condition-coverage="0% (0/2)" missing-branches="584,586"/>
						<line number="586" hits="0"/>
						<line number="587" hits="0"/>
						<line number="589" hits="0" branch="true" condition-coverage="0% (0/2)" missing-branches="584,590"/>
						<line number="590" hits="0"/>
						<line number="593" hits="0" branch="true" condition-coverage="0% (0/2)" missing-branches="594,595"/>
						<line number="594" hits="0"/>
						<line number="595" hits="0" branch="true" condition-coverage="0% (0/2)" missing-branches="596,598"/>
						<line number="596" hits="0"/>
						<line number="598" hits="0"/>
						<line number="600" hits="1"/>
						<line number="602" hits="0"/>
						<line number="610" hits="0"/>
						<line number="612" hits="0" branch="true" condition-coverage="0% (0/2)" missing-branches="exit,613"/>
						<line number="613" hits="0"/>
						<line number="614" hits="0"/>
						<line number="616" hits="1"/>
						<line number="618" hits="0"/>
						<line number="620" hits="0"/>
						<line number="630" hits="0"/>
						<line number="631" hits="0"/>
						<line number="634" hits="0"/>
						<line number="635" hits="0" branch="true" condition-coverage="0% (0/2)" missing-branches="636,637"/>
						<line number="636" hits="0"/>
						<line number="637" hits="0"/>
						<line number="640" hits="0"/>
						<line number="641" hits="0"/>
						<line number="642" hits="0"/>
						<line number="643" hits="0"/>
						<line number="644" hits="0"/>
						<line number="647" hits="0"/>
						<line number="648" hits="0"/>
						<line number="649" hits="0"/>
						<line number="650" hits="0"/>
						<line number="651" hits="0"/>
						<line number="653" hits="0"/>
						<line number="654" hits="0"/>
						<line number="659" hits="0"/>
						<line number="661" hits="0"/>
						<line number="662" hits="0"/>
						<line number="663" hits="0"/>
						<line number="664" hits="0" branch="true" condition-coverage="0% (0/2)" missing-branches="665,669"/>
						<line number="665" hits="0"/>
						<line number="666" hits="0"/>
						<line number="667" hits="0"/>
						<line number="669" hits="0"/>
						<line number="673" hits="1"/>
						<line number="674" hits="1"/>
						<line number="677" hits="1"/>
						<line number="678" hits="1"/>
						<line number="679" hits="1"/>
						<line number="680" hits="1"/>
						<line number="681" hits="1"/>
						<line number="684" hits="1"/>
						<line number="685" hits="1"/>
						<line number="688" hits="1"/>
						<line number="689" hits="1"/>
						<line number="690" hits="1"/>
						<line number="693" hits="1"/>
						<line number="694" hits="1"/>
						<line number="697" hits="1"/>
						<line number="698" hits="1"/>
						<line number="699" hits="1"/>
						<line number="703" hits="1"/>
						<line number="705" hits="0"/>
					</lines>
				</class>
				<class name="overlay_dialog.py" filename="overlay_dialog.py" complexity="0" line-rate="0.05303" branch-rate="0">
					<methods/>
					<lines>
						<line number="7" hits="1"/>
						<line number="8" hits="1"/>
						<line number="11" hits="1"/>
						<line number="14" hits="1"/>
						<line number="15" hits="0"/>
						<line number="16" hits="0"/>
						<line number="17" hits="0"/>
						<line number="18" hits="0"/>
						<line number="20" hits="1"/>
						<line number="23" hits="0"/>
						<line number="25" hits="1"/>
						<line number="27" hits="0" branch="true" condition-coverage="0% (0/2)" missing-branches="exit,29"/>
						<line number="29" hits="0"/>
						<line number="30" hits="0"/>
						<line number="32" hits="1"/>
						<line number="35" hits="0" branch="true" condition-coverage="0% (0/2)" missing-branches="36,44"/>
						<line number="36" hits="0"/>
						<line number="37" hits="0"/>
						<line number="38" hits="0" branch="true" condition-coverage="0% (0/2)" missing-branches="35,39"/>
						<line number="39" hits="0"/>
						<line number="40" hits="0"/>
						<line number="41" hits="0"/>
						<line number="44" hits="0" branch="true" condition-coverage="0% (0/2)" missing-branches="exit,45"/>
						<line number="45" hits="0"/>
						<line number="46" hits="0" branch="true" condition-coverage="0% (0/2)" missing-branches="44,47"/>
						<line number="47" hits="0"/>
						<line number="48" hits="0"/>
						<line number="49" hits="0"/>
						<line number="51" hits="1"/>
						<line number="54" hits="0"/>
						<line number="57" hits="0"/>
						<line number="59" hits="0"/>
						<line number="60" hits="0"/>
						<line number="61" hits="0"/>
						<line number="62" hits="0"/>
						<line number="65" hits="0" branch="true" condition-coverage="0% (0/2)" missing-branches="66,70"/>
						<line number="66" hits="0"/>
						<line number="67" hits="0"/>
						<line number="70" hits="0" branch="true" condition-coverage="0% (0/2)" missing-branches="71,75"/>
						<line number="71" hits="0"/>
						<line number="72" hits="0"/>
						<line number="75" hits="0" branch="true" condition-coverage="0% (0/2)" missing-branches="76,79"/>
						<line number="76" hits="0"/>
						<line number="79" hits="0" branch="true" condition-coverage="0% (0/2)" missing-branches="exit,80"/>
						<line number="80" hits="0"/>
						<line number="81" hits="0"/>
						<line number="82" hits="0"/>
						<line number="83" hits="0"/>
						<line number="84" hits="0"/>
						<line number="86" hits="0"/>
						<line number="87" hits="0"/>
						<line number="90" hits="1"/>
						<line number="93" hits="1"/>
						<line number="115" hits="0"/>
						<line number="117" hits="0" branch="true" condition-coverage="0% (0/2)" missing-branches="118,120"/>
						<line number="118" hits="0"/>
						<line number="120" hits="0"/>
						<line number="121" hits="0"/>
						<line number="122" hits="0"/>
						<line number="125" hits="0"/>
						<line number="126" hits="0"/>
						<line number="127" hits="0"/>
						<line number="128" hits="0"/>
						<line number="131" hits="0" branch="true" condition-coverage="0% (0/2)" missing-branches="132,149"/>
						<line number="132" hits="0" branch="true" condition-coverage="0% (0/2)" missing-branches="133,141"/>
						<line number="133" hits="0"/>
						<line number="141" hits="0"/>
						<line number="149" hits="0"/>
						<line number="150" hits="0"/>
						<line number="151" hits="0"/>
						<line number="153" hits="0"/>
						<line number="155" hits="0"/>
						<line number="158" hits="0"/>
						<line number="161" hits="0" branch="true" condition-coverage="0% (0/2)" missing-branches="162,174"/>
						<line number="162" hits="0"/>
						<line number="163" hits="0" branch="true" condition-coverage="0% (0/2)" missing-branches="161,165"/>
						<line number="165" hits="0" branch="true" condition-coverage="0% (0/2)" missing-branches="166,168"/>
						<line number="166" hits="0"/>
						<line number="168" hits="0"/>
						<line number="169" hits="0"/>
						<line number="170" hits="0"/>
						<line number="171" hits="0"/>
						<line number="174" hits="0"/>
						<line number="175" hits="0" branch="true" condition-coverage="0% (0/2)" missing-branches="176,181"/>
						<line number="176" hits="0"/>
						<line number="177" hits="0"/>
						<line number="178" hits="0"/>
						<line number="181" hits="0"/>
						<line number="182" hits="0" branch="true" condition-coverage="0% (0/2)" missing-branches="183,216"/>
						<line number="183" hits="0"/>
						<line number="184" hits="0"/>
						<line number="187" hits="0"/>
						<line number="188" hits="0" branch="true" condition-coverage="0% (0/2)" missing-branches="189,191"/>
						<line number="189" hits="0"/>
						<line number="191" hits="0"/>
						<line number="193" hits="0" branch="true" condition-coverage="0% (0/2)" missing-branches="194,201"/>
						<line number="194" hits="0" branch="true" condition-coverage="0% (0/2)" missing-branches="195,197"/>
						<line number="195" hits="0"/>
						<line number="197" hits="0"/>
						<line number="198" hits="0"/>
						<line number="201" hits="0" branch="true" condition-coverage="0% (0/2)" missing-branches="202,204"/>
						<line number="202" hits="0"/>
						<line number="204" hits="0"/>
						<line number="206" hits="0" branch="true" condition-coverage="0% (0/2)" missing-branches="182,208"/>
						<line number="208" hits="0"/>
						<line number="209" hits="0" branch="true" condition-coverage="0% (0/2)" missing-branches="210,211"/>
						<line number="210" hits="0"/>
						<line number="211" hits="0"/>
						<line number="212" hits="0"/>
						<line number="213" hits="0"/>
						<line number="216" hits="0" branch="true" condition-coverage="0% (0/2)" missing-branches="217,221"/>
						<line number="217" hits="0"/>
						<line number="218" hits="0"/>
						<line number="219" hits="0"/>
						<line number="220" hits="0"/>
						<line number="221" hits="0" branch="true" condition-coverage="0% (0/2)" missing-branches="222,228"/>
						<line number="222" hits="0"/>
						<line number="223" hits="0"/>
						<line number="224" hits="0"/>
						<line number="225" hits="0"/>
						<line number="228" hits="0" branch="true" condition-coverage="0% (0/2)" missing-branches="229,231"/>
						<line number="229" hits="0"/>
						<line number="231" hits="0"/>
						<line number="233" hits="0"/>
						<line number="234" hits="0"/>
						<line number="235" hits="0"/>
						<line number="236" hits="0"/>
						<line number="237" hits="0"/>
						<line number="239" hits="0"/>
						<line number="242" hits="0"/>
						<line number="244" hits="0" branch="true" condition-coverage="0% (0/2)" missing-branches="245,247"/>
						<line number="245" hits="0"/>
						<line number="246" hits="0"/>
						<line number="247" hits="0" branch="true" condition-coverage="0% (0/2)" missing-branches="249,265"/>
						<line number="249" hits="0"/>
						<line number="250" hits="0"/>
						<line number="251" hits="0" branch="true" condition-coverage="0% (0/2)" missing-branches="252,260"/>
						<line number="252" hits="0"/>
						<line number="253" hits="0"/>
						<line number="254" hits="0"/>
						<line number="255" hits="0"/>
						<line number="256" hits="0"/>
						<line number="257" hits="0"/>
						<line number="258" hits="0"/>
						<line number="260" hits="0"/>
						<line number="261" hits="0"/>
						<line number="262" hits="0"/>
[...]
						<line number="624" hits="1"/>
						<line number="632" hits="1"/>
					</lines>
				</class>
				<class name="base.py" filename="tui/menus/base.py" complexity="0" line-rate="0.7714" branch-rate="0">
					<methods/>
					<lines>
						<line number="6" hits="1"/>
						<line number="7" hits="1"/>
						<line number="8" hits="1"/>
						<line number="9" hits="1"/>
						<line number="12" hits="1"/>
						<line number="14" hits="1"/>
						<line number="17" hits="1"/>
						<line number="20" hits="1"/>
						<line number="21" hits="1"/>
						<line number="28" hits="1"/>
						<line number="30" hits="1"/>
						<line number="32" hits="1"/>
						<line number="41" hits="1"/>
						<line number="49" hits="1"/>
						<line number="50" hits="1"/>
						<line number="52" hits="1"/>
						<line number="62" hits="1"/>
						<line number="70" hits="1"/>
						<line number="71" hits="1"/>
						<line number="73" hits="1"/>
						<line number="87" hits="1"/>
						<line number="100" hits="1"/>
						<line number="101" hits="1"/>
						<line number="104" hits="1"/>
						<line number="107" hits="1"/>
						<line number="108" hits="0"/>
						<line number="109" hits="0"/>
						<line number="111" hits="1"/>
						<line number="113" hits="0"/>
						<line number="115" hits="1"/>
						<line number="117" hits="0"/>
						<line number="119" hits="0" branch="true" condition-coverage="0% (0/2)" missing-branches="120,123"/>
						<line number="120" hits="0"/>
						<line number="121" hits="0"/>
						<line number="123" hits="0"/>
					</lines>
				</class>
				<class name="desktop.py" filename="tui/menus/desktop.py" complexity="0" line-rate="1" branch-rate="1">
					<methods/>
					<lines>
						<line number="6" hits="1"/>
						<line number="8" hits="1"/>
						<line number="11" hits="1"/>
						<line number="14" hits="1"/>
						<line number="16" hits="1"/>
						<line number="19" hits="1"/>
						<line number="33" hits="1"/>
						<line number="34" hits="1"/>
						<line number="35" hits="1"/>
						<line number="36" hits="1"/>
						<line number="38" hits="1"/>
						<line number="40" hits="1"/>
						<line number="42" hits="1"/>
						<line number="51" hits="1"/>
						<line number="53" hits="1"/>
						<line number="60" hits="1"/>
						<line number="62" hits="1"/>
						<line number="64" hits="1"/>
						<line number="66" hits="1"/>
						<line number="68" hits="1"/>
						<line number="77" hits="1"/>
						<line number="85" hits="1"/>
						<line number="93" hits="1"/>
						<line number="101" hits="1"/>
						<line number="109" hits="1"/>
						<line number="118" hits="1"/>
						<line number="126" hits="1"/>
						<line number="134" hits="1"/>
						<line number="142" hits="1"/>
						<line number="150" hits="1"/>
						<line number="158" hits="1"/>
						<line number="166" hits="1"/>
						<line number="174" hits="1"/>
						<line number="176" hits="1"/>
						<line number="193" hits="1"/>
						<line number="219" hits="1"/>
						<line number="220" hits="1"/>
						<line number="221" hits="1"/>
						<line number="222" hits="1"/>
						<line number="223" hits="1"/>
						<line number="224" hits="1"/>
						<line number="226" hits="1"/>
						<line number="228" hits="1"/>
						<line number="236" hits="1"/>
						<line number="256" hits="1"/>
						<line number="268" hits="1"/>
						<line number="283" hits="1"/>
						<line number="285" hits="1"/>
						<line number="299" hits="1"/>
						<line number="307" hits="1"/>
						<line number="315" hits="1"/>
						<line number="323" hits="1"/>
						<line number="331" hits="1"/>
						<line number="339" hits="1"/>
						<line number="341" hits="1"/>
						<line number="355" hits="1"/>
						<line number="363" hits="1"/>
						<line number="371" hits="1"/>
						<line number="379" hits="1"/>
						<line number="387" hits="1"/>
						<line number="395" hits="1"/>
						<line number="397" hits="1"/>
						<line number="405" hits="1"/>
						<line number="413" hits="1"/>
						<line number="421" hits="1"/>
						<line number="429" hits="1"/>
						<line number="437" hits="1"/>
						<line number="439" hits="1"/>
						<line number="447" hits="1"/>
						<line number="455" hits="1"/>
						<line number="463" hits="1"/>
						<line number="471" hits="1"/>
						<line number="473" hits="1"/>
						<line number="481" hits="1"/>
						<line number="489" hits="1"/>
						<line number="497" hits="1"/>
						<line number="505" hits="1"/>
						<line number="513" hits="1"/>
						<line number="515" hits="1"/>
						<line number="535" hits="1"/>
						<line number="536" hits="1"/>
						<line number="537" hits="1"/>
						<line number="538" hits="1"/>
						<line number="539" hits="1"/>
						<line number="540" hits="1"/>
						<line number="541" hits="1"/>
						<line number="542" hits="1"/>
						<line number="543" hits="1"/>
						<line number="544" hits="1"/>
						<line number="546" hits="1"/>
						<line number="548" hits="1"/>
						<line number="566" hits="1"/>
						<line number="578" hits="1"/>
						<line number="588" hits="1"/>
						<line number="600" hits="1"/>
						<line number="610" hits="1"/>
						<line number="620" hits="1"/>
						<line number="630" hits="1"/>
						<line number="640" hits="1"/>
						<line number="650" hits="1"/>
						<line number="660" hits="1"/>
						<line number="662" hits="1"/>
						<line number="678" hits="1"/>
						<line number="690" hits="1"/>
						<line number="702" hits="1"/>
						<line number="719" hits="1"/>
						<line number="735" hits="1"/>
						<line number="745" hits="1"/>
						<line number="760" hits="1"/>
						<line number="767" hits="1"/>
						<line number="769" hits="1"/>
						<line number="786" hits="1"/>
						<line number="804" hits="1"/>
						<line number="820" hits="1"/>
						<line number="838" hits="1"/>
						<line number="848" hits="1"/>
						<line number="858" hits="1"/>
						<line number="870" hits="1"/>
						<line number="884" hits="1"/>
						<line number="899" hits="1"/>
						<line number="901" hits="1"/>
						<line number="918" hits="1"/>
						<line number="936" hits="1"/>
						<line number="948" hits="1"/>
						<line number="958" hits="1"/>
						<line number="968" hits="1"/>
						<line number="978" hits="1"/>
						<line number="988" hits="1"/>
						<line number="998" hits="1"/>
						<line number="1008" hits="1"/>
						<line number="1010" hits="1"/>
						<line number="1026" hits="1"/>
						<line number="1043" hits="1"/>
						<line number="1060" hits="1"/>
						<line number="1072" hits="1"/>
						<line number="1084" hits="1"/>
						<line number="1094" hits="1"/>
						<line number="1106" hits="1"/>
						<line number="1116" hits="1"/>
						<line number="1118" hits="1"/>
						<line number="1135" hits="1"/>
						<line number="1145" hits="1"/>
						<line number="1155" hits="1"/>
						<line number="1169" hits="1"/>
						<line number="1179" hits="1"/>
						<line number="1189" hits="1"/>
						<line number="1201" hits="1"/>
						<line number="1211" hits="1"/>
						<line number="1221" hits="1"/>
						<line number="1223" hits="1"/>
						<line number="1240" hits="1"/>
						<line number="1250" hits="1"/>
						<line number="1262" hits="1"/>
						<line number="1272" hits="1"/>
						<line number="1282" hits="1"/>
						<line number="1292" hits="1"/>
						<line number="1303" hits="1"/>
						<line number="1314" hits="1"/>
						<line number="1324" hits="1"/>
						<line number="1326" hits="1"/>
						<line number="1343" hits="1"/>
						<line number="1359" hits="1"/>
						<line number="1369" hits="1"/>
						<line number="1381" hits="1"/>
						<line number="1393" hits="1"/>
						<line number="1404" hits="1"/>
						<line number="1414" hits="1"/>
						<line number="1424" hits="1"/>
						<line number="1434" hits="1"/>
						<line number="1436" hits="1"/>
						<line number="1451" hits="1"/>
						<line number="1472" hits="1"/>
						<line number="1493" hits="1"/>
						<line number="1516" hits="1"/>
						<line number="1537" hits="1"/>
						<line number="1552" hits="1"/>
						<line number="1568" hits="1"/>
						<line number="1570" hits="1"/>
						<line number="1578" hits="1"/>
						<line number="1588" hits="1"/>
					</lines>
				</class>
				<class name="development.py" filename="tui/menus/development.py" complexity="0" line-rate="1" branch-rate="1">
					<methods/>
					<lines>
						<line number="6" hits="1"/>
						<line number="8" hits="1"/>
						<line number="11" hits="1"/>
						<line number="14" hits="1"/>
						<line number="16" hits="1"/>
						<line number="19" hits="1"/>
						<line number="34" hits="1"/>
						<line number="35" hits="1"/>
						<line number="36" hits="1"/>
						<line number="37" hits="1"/>
						<line number="38" hits="1"/>
						<line number="40" hits="1"/>
						<line number="42" hits="1"/>
						<line number="44" hits="1"/>
						<line number="75" hits="1"/>
						<line number="83" hits="1"/>
						<line number="92" hits="1"/>
						<line number="100" hits="1"/>
						<line number="102" hits="1"/>
						<line number="104" hits="1"/>
						<line number="106" hits="1"/>
						<line number="108" hits="1"/>
						<line number="116" hits="1"/>
						<line number="124" hits="1"/>
						<line number="132" hits="1"/>
						<line number="140" hits="1"/>
						<line number="148" hits="1"/>
						<line number="156" hits="1"/>
						<line number="164" hits="1"/>
						<line number="172" hits="1"/>
						<line number="180" hits="1"/>
						<line number="188" hits="1"/>
						<line number="196" hits="1"/>
						<line number="204" hits="1"/>
						<line number="212" hits="1"/>
						<line number="220" hits="1"/>
						<line number="222" hits="1"/>
						<line number="231" hits="1"/>
						<line number="239" hits="1"/>
						<line number="247" hits="1"/>
						<line number="249" hits="1"/>
						<line number="251" hits="1"/>
						<line number="253" hits="1"/>
						<line number="255" hits="1"/>
						<line number="257" hits="1"/>
						<line number="259" hits="1"/>
						<line number="261" hits="1"/>
						<line number="296" hits="1"/>
						<line number="298" hits="1"/>
						<line number="300" hits="1"/>
						<line number="302" hits="1"/>
						<line number="309" hits="1"/>
						<line number="311" hits="1"/>
						<line number="313" hits="1"/>
						<line number="321" hits="1"/>
						<line number="329" hits="1"/>
						<line number="337" hits="1"/>
						<line number="345" hits="1"/>
						<line number="353" hits="1"/>
						<line number="361" hits="1"/>
						<line number="369" hits="1"/>
						<line number="377" hits="1"/>
						<line number="385" hits="1"/>
						<line number="393" hits="1"/>
						<line number="401" hits="1"/>
						<line number="409" hits="1"/>
						<line number="417" hits="1"/>
						<line number="425" hits="1"/>
						<line number="433" hits="1"/>
						<line number="441" hits="1"/>
						<line number="449" hits="1"/>
						<line number="457" hits="1"/>
						<line number="465" hits="1"/>
						<line number="467" hits="1"/>
						<line number="476" hits="1"/>
						<line number="484" hits="1"/>
						<line number="491" hits="1"/>
						<line number="498" hits="1"/>
						<line number="505" hits="1"/>
						<line number="507" hits="1"/>
						<line number="524" hits="1"/>
						<line number="525" hits="1"/>
						<line number="526" hits="1"/>
						<line number="527" hits="1"/>
						<line number="528" hits="1"/>
						<line number="529" hits="1"/>
						<line number="530" hits="1"/>
						<line number="532" hits="1"/>
						<line number="534" hits="1"/>
						<line number="553" hits="1"/>
						<line number="561" hits="1"/>
						<line number="570" hits="1"/>
						<line number="579" hits="1"/>
						<line number="588" hits="1"/>
						<line number="596" hits="1"/>
						<line number="604" hits="1"/>
						<line number="612" hits="1"/>
						<line number="620" hits="1"/>
						<line number="628" hits="1"/>
						<line number="636" hits="1"/>
						<line number="638" hits="1"/>
						<line number="646" hits="1"/>
						<line number="655" hits="1"/>
						<line number="663" hits="1"/>
						<line number="671" hits="1"/>
						<line number="679" hits="1"/>
						<line number="687" hits="1"/>
						<line number="695" hits="1"/>
						<line number="703" hits="1"/>
						<line number="705" hits="1"/>
						<line number="713" hits="1"/>
						<line number="722" hits="1"/>
						<line number="730" hits="1"/>
						<line number="739" hits="1"/>
						<line number="747" hits="1"/>
						<line number="755" hits="1"/>
						<line number="763" hits="1"/>
						<line number="771" hits="1"/>
						<line number="773" hits="1"/>
						<line number="789" hits="1"/>
						<line number="798" hits="1"/>
						<line number="806" hits="1"/>
						<line number="814" hits="1"/>
						<line number="822" hits="1"/>
						<line number="830" hits="1"/>
						<line number="838" hits="1"/>
						<line number="846" hits="1"/>
						<line number="848" hits="1"/>
						<line number="856" hits="1"/>
						<line number="865" hits="1"/>
						<line number="873" hits="1"/>
						<line number="881" hits="1"/>
						<line number="889" hits="1"/>
						<line number="897" hits="1"/>
						<line number="905" hits="1"/>
						<line number="913" hits="1"/>
						<line number="915" hits="1"/>
						<line number="931" hits="1"/>
						<line number="940" hits="1"/>
						<line number="949" hits="1"/>
						<line number="957" hits="1"/>
						<line number="965" hits="1"/>
						<line number="973" hits="1"/>
						<line number="981" hits="1"/>
						<line number="989" hits="1"/>
						<line number="991" hits="1"/>
						<line number="999" hits="1"/>
						<line number="1008" hits="1"/>
						<line number="1017" hits="1"/>
						<line number="1026" hits="1"/>
						<line number="1034" hits="1"/>
						<line number="1042" hits="1"/>
						<line number="1050" hits="1"/>
					</lines>
				</class>
				<class name="security.py" filename="tui/menus/security.py" complexity="0" line-rate="1" branch-rate="1">
					<methods/>
					<lines>
						<line number="6" hits="1"/>
						<line number="8" hits="1"/>
						<line number="11" hits="1"/>
						<line number="14" hits="1"/>
						<line number="16" hits="1"/>
						<line number="19" hits="1"/>
						<line number="28" hits="1"/>
						<line number="29" hits="1"/>
						<line number="30" hits="1"/>
						<line number="32" hits="1"/>
						<line number="34" hits="1"/>
						<line number="36" hits="1"/>
						<line number="44" hits="1"/>
						<line number="52" hits="1"/>
						<line number="54" hits="1"/>
						<line number="62" hits="1"/>
						<line number="69" hits="1"/>
						<line number="71" hits="1"/>
						<line number="112" hits="1"/>
						<line number="119" hits="1"/>
						<line number="126" hits="1"/>
						<line number="135" hits="1"/>
						<line number="142" hits="1"/>
						<line number="150" hits="1"/>
						<line number="152" hits="1"/>
						<line number="160" hits="1"/>
						<line number="169" hits="1"/>
						<line number="178" hits="1"/>
						<line number="186" hits="1"/>
						<line number="194" hits="1"/>
						<line number="202" hits="1"/>
						<line number="210" hits="1"/>
						<line number="218" hits="1"/>
						<line number="226" hits="1"/>
						<line number="235" hits="1"/>
						<line number="244" hits="1"/>
						<line number="252" hits="1"/>
						<line number="260" hits="1"/>
						<line number="268" hits="1"/>
						<line number="277" hits="1"/>
						<line number="285" hits="1"/>
						<line number="293" hits="1"/>
						<line number="302" hits="1"/>
						<line number="310" hits="1"/>
						<line number="318" hits="1"/>
						<line number="326" hits="1"/>
						<line number="335" hits="1"/>
						<line number="343" hits="1"/>
						<line number="351" hits="1"/>
						<line number="359" hits="1"/>
						<line number="361" hits="1"/>
						<line number="403" hits="1"/>
						<line number="411" hits="1"/>
						<line number="418" hits="1"/>
						<line number="427" hits="1"/>
						<line number="435" hits="1"/>
						<line number="443" hits="1"/>
						<line number="451" hits="1"/>
						<line number="459" hits="1"/>
						<line number="467" hits="1"/>
						<line number="475" hits="1"/>
						<line number="483" hits="1"/>
						<line number="492" hits="1"/>
						<line number="494" hits="1"/>
						<line number="502" hits="1"/>
						<line number="510" hits="1"/>
						<line number="518" hits="1"/>
						<line number="526" hits="1"/>
						<line number="534" hits="1"/>
						<line number="542" hits="1"/>
						<line number="551" hits="1"/>
						<line number="553" hits="1"/>
						<line number="561" hits="1"/>
						<line number="569" hits="1"/>
						<line number="576" hits="1"/>
						<line number="585" hits="1"/>
						<line number="593" hits="1"/>
						<line number="601" hits="1"/>
						<line number="610" hits="1"/>
						<line number="618" hits="1"/>
						<line number="627" hits="1"/>
						<line number="635" hits="1"/>
						<line number="643" hits="1"/>
					</lines>
				</class>
				<class name="system.py" filename="tui/menus/system.py" complexity="0" line-rate="1" branch-rate="1">
					<methods/>
					<lines>
						<line number="6" hits="1"/>
						<line number="8" hits="1"/>
						<line number="11" hits="1"/>
						<line number="14" hits="1"/>
						<line number="16" hits="1"/>
						<line number="19" hits="1"/>
						<line number="35" hits="1"/>
						<line number="36" hits="1"/>
						<line number="37" hits="1"/>
						<line number="38" hits="1"/>
						<line number="39" hits="1"/>
						<line number="40" hits="1"/>
						<line number="42" hits="1"/>
						<line number="44" hits="1"/>
						<line number="46" hits="1"/>
						<line number="61" hits="1"/>
						<line number="63" hits="1"/>
						<line number="65" hits="1"/>
						<line number="72" hits="1"/>
						<line number="74" hits="1"/>
						<line number="91" hits="1"/>
						<line number="103" hits="1"/>
						<line number="105" hits="1"/>
						<line number="129" hits="1"/>
						<line number="136" hits="1"/>
						<line number="144" hits="1"/>
						<line number="152" hits="1"/>
						<line number="161" hits="1"/>
						<line number="163" hits="1"/>
						<line number="165" hits="1"/>
						<line number="174" hits="1"/>
						<line number="176" hits="1"/>
						<line number="184" hits="1"/>
						<line number="193" hits="1"/>
						<line number="201" hits="1"/>
						<line number="209" hits="1"/>
						<line number="217" hits="1"/>
						<line number="225" hits="1"/>
						<line number="227" hits="1"/>
						<line number="246" hits="1"/>
						<line number="254" hits="1"/>
						<line number="262" hits="1"/>
						<line number="270" hits="1"/>
						<line number="278" hits="1"/>
						<line number="287" hits="1"/>
						<line number="295" hits="1"/>
						<line number="304" hits="1"/>
						<line number="312" hits="1"/>
						<line number="320" hits="1"/>
						<line number="322" hits="1"/>
						<line number="341" hits="1"/>
						<line number="349" hits="1"/>
						<line number="357" hits="1"/>
						<line number="365" hits="1"/>
						<line number="374" hits="1"/>
						<line number="382" hits="1"/>
						<line number="390" hits="1"/>
						<line number="399" hits="1"/>
						<line number="408" hits="1"/>
						<line number="416" hits="1"/>
						<line number="418" hits="1"/>
						<line number="438" hits="1"/>
						<line number="446" hits="1"/>
						<line number="454" hits="1"/>
						<line number="462" hits="1"/>
						<line number="470" hits="1"/>
						<line number="478" hits="1"/>
						<line number="487" hits="1"/>
						<line number="495" hits="1"/>
						<line number="504" hits="1"/>
						<line number="511" hits="1"/>
						<line number="519" hits="1"/>
						<line number="521" hits="1"/>
						<line number="529" hits="1"/>
						<line number="536" hits="1"/>
						<line number="543" hits="1"/>
						<line number="550" hits="1"/>
					</lines>
				</class>
			</classes>
		</package>
	</packages>
</coverage>
